<?xml version="1.0" encoding="UTF-8"?>
<!-- Generated by org.testng.reporters.JUnitReportReporter -->
<testsuite hostname="Confiz-7481" failures="0" tests="2" name="webAutomationGA.Tests.bradReportPage" time="111.722" errors="0" timestamp="2024-11-21T00:22:11 PKT" skipped="0">
  <testcase classname="webAutomationGA.Tests.bradReportPage" name="channelFilter" time="48.935"/>
  <testcase classname="webAutomationGA.Tests.bradReportPage" name="filters" time="62.787"/>
</testsuite> <!-- webAutomationGA.Tests.bradReportPage -->
