<?xml version="1.0" encoding="UTF-8"?>
<!-- Generated by org.testng.reporters.JUnitReportReporter -->
<testsuite hostname="Confiz-7481" failures="0" tests="1" name="webAutomationGA.Tests.loginScenario" time="158.364" errors="0" timestamp="2024-11-20T17:02:50 PKT" skipped="0">
  <testcase classname="webAutomationGA.Tests.loginScenario" name="loginSuccess" time="158.364"/>
</testsuite> <!-- webAutomationGA.Tests.loginScenario -->
